<?xml version="1.0" encoding="UTF-8"?>
<!-- Generated by org.testng.reporters.JUnitXMLReporter -->
<testsuite ignored="2" hostname="DESKTOP-T1A9IBN" failures="0" tests="2" name="Test" time="70.629" errors="0" timestamp="2024-01-10T13:33:12 IST">
  <testcase classname="ProductTests.CreateNewProductTest" name="createNewProductWithMandatoryDetails" time="16.513"/>
  <testcase classname="ContactTests.CreateNewContactTest" name="createNewContactWithMandatoryDetails" time="16.226"/>
  <testcase classname="GenericUtilities.BaseClass" name="@AfterSuite asConfig" time="0.0">
    <ignored/>
  </testcase> <!-- @AfterSuite asConfig -->
  <testcase classname="GenericUtilities.BaseClass" name="@BeforeSuite bsConfig" time="0.0">
    <ignored/>
  </testcase> <!-- @BeforeSuite bsConfig -->
</testsuite> <!-- Test -->
